Flutter crash report.
Please report a bug at https://github.com/flutter/flutter/issues.

## command

flutter run -d chrome

## exception

ExistingDartDevelopmentServiceException: DartDevelopmentServiceException: JSON-RPC error 100: Existing VM service clients prevent DDS from taking control.

```
```

## flutter doctor

```
[32m[✓][39m Flutter (Channel stable, 3.32.7, on macOS 15.6.1 24G90
    darwin-x64, locale en-MX) [1,278ms]
    [32m•[39m Flutter version 3.32.7 on channel stable at
      /Users/alexjego/Development/flutter
    [32m•[39m Upstream repository https://github.com/flutter/flutter.git
    [32m•[39m Framework revision d7b523b356 (9 weeks ago), 2025-07-15
      17:03:46 -0700
    [32m•[39m Engine revision 39d6d6e699
    [32m•[39m Dart version 3.8.1
    [32m•[39m DevTools version 2.45.1

[32m[✓][39m Android toolchain - develop for Android devices (Android SDK
    version 34.0.0) [6.5s]
    [32m•[39m Android SDK at /Users/alexjego/Library/Android/sdk
    [32m•[39m Platform android-34, build-tools 34.0.0
    [32m•[39m Java binary at: /Applications/Android
      Studio.app/Contents/jbr/Contents/Home/bin/java
      This is the JDK bundled with the latest Android Studio
      installation on this machine.
      To manually set the JDK path, use: `flutter config
      --jdk-dir="path/to/jdk"`.
    [32m•[39m Java version OpenJDK Runtime Environment (build
      21.0.3+-79915915-b509.11)
    [32m•[39m All Android licenses accepted.

[33m[!][39m Xcode - develop for iOS and macOS (Xcode 16.4) [3.0s]
    [32m•[39m Xcode at /Applications/Xcode.app/Contents/Developer
    [32m•[39m Build 16F6
    [31m✗[39m Unable to get list of installed Simulator runtimes.
    [32m•[39m CocoaPods version 1.16.2

[32m[✓][39m Chrome - develop for the web [27ms]
    [32m•[39m Chrome at /Applications/Google Chrome.app/Contents/MacOS/Google
      Chrome

[32m[✓][39m Android Studio (version 2024.2) [26ms]
    [32m•[39m Android Studio at /Applications/Android Studio.app/Contents
    [32m•[39m Flutter plugin can be installed from:
      🔨 https://plugins.jetbrains.com/plugin/9212-flutter
    [32m•[39m Dart plugin can be installed from:
      🔨 https://plugins.jetbrains.com/plugin/6351-dart
    [32m•[39m Java version OpenJDK Runtime Environment (build
      21.0.3+-79915915-b509.11)

[32m[✓][39m Connected device (2 available) [7.9s]
    [32m•[39m macOS (desktop) • macos  • darwin-x64     • macOS 15.6.1 24G90
      darwin-x64
    [32m•[39m Chrome (web)    • chrome • web-javascript • Google Chrome
      140.0.7339.133

[32m[✓][39m Network resources [631ms]
    [32m•[39m All expected network resources are available.

[33m![39m Doctor found issues in 1 category.
```
